Using pre-set license
Built from '2022.1/staging' branch; Version is '2022.1.3f1 (1cedbfe38737) revision 1895871'; Using compiler version '192829333'; Build Type 'Release'
OS: 'Windows 11  (10.0.22631) 64bit Core' Language: 'es' Physical Memory: 16077 MB
BatchMode: 1, IsHumanControllingUs: 0, StartBugReporterOnCrash: 0, Is64bit: 1, IsPro: 1

COMMAND LINE ARGUMENTS:
C:\Program Files\Unity 2022.1.3f1\Editor\Unity.exe
-adb2
-batchMode
-noUpm
-name
AssetImportWorker0
-projectPath
D:/GwentPro2.0
-logFile
Logs/AssetImportWorker0.log
-srvPort
54861
Successfully changed project path to: D:/GwentPro2.0
D:/GwentPro2.0
[UnityMemory] Configuration Parameters - Can be set up in boot.config
    "memorysetup-bucket-allocator-granularity=16"
    "memorysetup-bucket-allocator-bucket-count=8"
    "memorysetup-bucket-allocator-block-size=33554432"
    "memorysetup-bucket-allocator-block-count=8"
    "memorysetup-main-allocator-block-size=16777216"
    "memorysetup-thread-allocator-block-size=16777216"
    "memorysetup-gfx-main-allocator-block-size=16777216"
    "memorysetup-gfx-thread-allocator-block-size=16777216"
    "memorysetup-cache-allocator-block-size=4194304"
    "memorysetup-typetree-allocator-block-size=2097152"
    "memorysetup-profiler-bucket-allocator-granularity=16"
    "memorysetup-profiler-bucket-allocator-bucket-count=8"
    "memorysetup-profiler-bucket-allocator-block-size=33554432"
    "memorysetup-profiler-bucket-allocator-block-count=8"
    "memorysetup-profiler-allocator-block-size=16777216"
    "memorysetup-profiler-editor-allocator-block-size=1048576"
    "memorysetup-temp-allocator-size-main=16777216"
    "memorysetup-job-temp-allocator-block-size=2097152"
    "memorysetup-job-temp-allocator-block-size-background=1048576"
    "memorysetup-job-temp-allocator-reduction-small-platforms=262144"
    "memorysetup-temp-allocator-size-background-worker=32768"
    "memorysetup-temp-allocator-size-job-worker=262144"
    "memorysetup-temp-allocator-size-preload-manager=33554432"
    "memorysetup-temp-allocator-size-nav-mesh-worker=65536"
    "memorysetup-temp-allocator-size-audio-worker=65536"
    "memorysetup-temp-allocator-size-cloud-worker=32768"
    "memorysetup-temp-allocator-size-gi-baking-worker=262144"
    "memorysetup-temp-allocator-size-gfx=262144"
Refreshing native plugins compatible for Editor in 168.57 ms, found 4 plugins.
Preloading 0 native plugins for Editor in 0.00 ms.
Initialize engine version: 2022.1.3f1 (1cedbfe38737)
[Subsystems] Discovering subsystems at path C:/Program Files/Unity 2022.1.3f1/Editor/Data/Resources/UnitySubsystems
[Subsystems] Discovering subsystems at path D:/GwentPro2.0/Assets
GfxDevice: creating device client; threaded=0; jobified=0
Direct3D:
    Version:  Direct3D 11.0 [level 11.1]
    Renderer: Microsoft Basic Render Driver (ID=0x8c)
    Vendor:   Microsoft
    VRAM:     8038 MB
Initialize mono
Mono path[0] = 'C:/Program Files/Unity 2022.1.3f1/Editor/Data/Managed'
Mono path[1] = 'C:/Program Files/Unity 2022.1.3f1/Editor/Data/MonoBleedingEdge/lib/mono/unityjit-win32'
Mono config path = 'C:/Program Files/Unity 2022.1.3f1/Editor/Data/MonoBleedingEdge/etc'
Using monoOptions --debugger-agent=transport=dt_socket,embedding=1,server=y,suspend=n,address=127.0.0.1:56044
Begin MonoManager ReloadAssembly
Registering precompiled unity dll's ...
Register platform support module: C:/Program Files/Unity 2022.1.3f1/Editor/Data/PlaybackEngines/WindowsStandaloneSupport/UnityEditor.WindowsStandalone.Extensions.dll
Registered in 0.003274 seconds.
Native extension for WindowsStandalone target not found
Refreshing native plugins compatible for Editor in 219.95 ms, found 4 plugins.
Preloading 0 native plugins for Editor in 0.00 ms.
Mono: successfully reloaded assembly
- Completed reload, in  0.950 seconds
Domain Reload Profiling:
	ReloadAssembly (950ms)
		BeginReloadAssembly (80ms)
			ExecutionOrderSort (0ms)
			DisableScriptedObjects (0ms)
			BackupInstance (0ms)
			ReleaseScriptingObjects (0ms)
			CreateAndSetChildDomain (1ms)
		EndReloadAssembly (740ms)
			LoadAssemblies (76ms)
			RebuildTransferFunctionScriptingTraits (0ms)
			SetupTypeCache (133ms)
				TypeCache.Initialize (132ms)
					TypeCache.ScanAssembly (131ms)
				ResolveRequiredComponents (1ms)
			ReleaseScriptCaches (0ms)
			RebuildScriptCaches (43ms)
			SetupLoadedEditorAssemblies (497ms)
				LogAssemblyErrors (0ms)
				InitializePlatformSupportModulesInManaged (8ms)
				SetLoadedEditorAssemblies (9ms)
				RefreshPlugins (220ms)
				BeforeProcessingInitializeOnLoad (2ms)
				ProcessInitializeOnLoadAttributes (161ms)
				ProcessInitializeOnLoadMethodAttributes (97ms)
				AfterProcessingInitializeOnLoad (0ms)
				EditorAssembliesLoaded (0ms)
			ExecutionOrderSort2 (0ms)
			AwakeInstancesAfterBackupRestoration (0ms)
Platform modules already initialized, skipping
Registering precompiled user dll's ...
Registered in 0.003995 seconds.
Begin MonoManager ReloadAssembly
Symbol file LoadedFromMemory doesn't match image D:\GwentPro2.0\Library\PackageCache\com.unity.visualscripting@1.7.8\Editor\VisualScripting.Core\Dependencies\YamlDotNet\Unity.VisualScripting.YamlDotNet.dll
Symbol file LoadedFromMemory doesn't match image D:\GwentPro2.0\Library\PackageCache\com.unity.visualscripting@1.7.8\Editor\VisualScripting.Core\Dependencies\DotNetZip\Unity.VisualScripting.IonicZip.dll
Native extension for WindowsStandalone target not found
Refreshing native plugins compatible for Editor in 129.98 ms, found 4 plugins.
Preloading 0 native plugins for Editor in 0.00 ms.
Mono: successfully reloaded assembly
- Completed reload, in  1.440 seconds
Domain Reload Profiling:
	ReloadAssembly (1441ms)
		BeginReloadAssembly (126ms)
			ExecutionOrderSort (0ms)
			DisableScriptedObjects (5ms)
			BackupInstance (0ms)
			ReleaseScriptingObjects (0ms)
			CreateAndSetChildDomain (22ms)
		EndReloadAssembly (1188ms)
			LoadAssemblies (97ms)
			RebuildTransferFunctionScriptingTraits (0ms)
			SetupTypeCache (329ms)
				TypeCache.Initialize (323ms)
					TypeCache.ScanAssembly (320ms)
				ResolveRequiredComponents (6ms)
			ReleaseScriptCaches (1ms)
			RebuildScriptCaches (63ms)
			SetupLoadedEditorAssemblies (550ms)
				LogAssemblyErrors (0ms)
				InitializePlatformSupportModulesInManaged (4ms)
				SetLoadedEditorAssemblies (8ms)
				RefreshPlugins (130ms)
				BeforeProcessingInitializeOnLoad (118ms)
				ProcessInitializeOnLoadAttributes (254ms)
				ProcessInitializeOnLoadMethodAttributes (31ms)
				AfterProcessingInitializeOnLoad (5ms)
				EditorAssembliesLoaded (0ms)
			ExecutionOrderSort2 (0ms)
			AwakeInstancesAfterBackupRestoration (5ms)
Platform modules already initialized, skipping
========================================================================
Worker process is ready to serve import requests
Launched and connected shader compiler UnityShaderCompiler.exe after 0.08 seconds
Refreshing native plugins compatible for Editor in 0.83 ms, found 4 plugins.
Preloading 0 native plugins for Editor in 0.00 ms.
Unloading 4135 Unused Serialized files (Serialized files now loaded: 0)
Unloading 39 unused Assets / (57.5 KB). Loaded Objects now: 4593.
Memory consumption went from 0.63 GB to 0.63 GB.
Total: 2.981300 ms (FindLiveObjects: 0.258400 ms CreateObjectMapping: 0.101900 ms MarkObjects: 2.534300 ms  DeleteObjects: 0.085900 ms)

AssetImportParameters requested are different than current active one (requested -> active):
  custom:video-decoder-ogg-theora: a1e56fd34408186e4bbccfd4996cb3dc -> 
  custom:container-muxer-webm: aa71ff27fc2769a1b78a27578f13a17b -> 
  custom:container-demuxer-webm: 4f35f7cbe854078d1ac9338744f61a02 -> 
  custom:video-encoder-webm-vp8: eb34c28f22e8b96e1ab97ce403110664 -> 
  custom:video-codec-MediaFoundation-h265: 746d11721c4dcdbdad8f713fa42b33f4 -> 
  custom:audio-encoder-webm-vorbis: bf7c407c2cedff20999df2af8eb42d56 -> 
  custom:framework-win-MediaFoundation: 216162199b28c13a410421893ffa2e32 -> 
  custom:container-demuxer-ogg: 62fdf1f143b41e24485cea50d1cbac27 -> 
  custom:video-decoder-webm-vp8: 9c59270c3fd7afecdb556c50c9e8de78 -> 
  custom:audio-decoder-ogg-vorbis: bf7c407c2cedff20999df2af8eb42d56 -> 
========================================================================
Received Import Request.
  Time since last request: 235851.016766 seconds.
  path: Assets/Images/53.jpg
  artifactKey: Guid(ec80b78dcaf6a154b8fbfce67312fe6b) Importer(815301076,1909f56bfc062723c751e8b465ee728b)
Start importing Assets/Images/53.jpg using Guid(ec80b78dcaf6a154b8fbfce67312fe6b) Importer(815301076,1909f56bfc062723c751e8b465ee728b)  -> (artifact id: '711a374d39e585b83933b6879a146f92') in 0.874469 seconds 
========================================================================
Received Import Request.
  Time since last request: 0.000038 seconds.
  path: Assets/Images/20240830_184651.png
  artifactKey: Guid(628844cc797b098458246dd2f8e27b42) Importer(815301076,1909f56bfc062723c751e8b465ee728b)
Start importing Assets/Images/20240830_184651.png using Guid(628844cc797b098458246dd2f8e27b42) Importer(815301076,1909f56bfc062723c751e8b465ee728b)  -> (artifact id: 'f3331efe4da7cd9257b3eace2f4c678f') in 0.092158 seconds 
========================================================================
Received Import Request.
  Time since last request: 0.000059 seconds.
  path: Assets/Images/LOGO1.png
  artifactKey: Guid(a0ac9aa8c3f15ce4fbaca74554e5e7a5) Importer(815301076,1909f56bfc062723c751e8b465ee728b)
Start importing Assets/Images/LOGO1.png using Guid(a0ac9aa8c3f15ce4fbaca74554e5e7a5) Importer(815301076,1909f56bfc062723c751e8b465ee728b)  -> (artifact id: 'f849864bf8a3835867333a9880465b6d') in 0.128068 seconds 
========================================================================
Received Import Request.
  Time since last request: 0.000031 seconds.
  path: Assets/Images/20240830_184956.png
  artifactKey: Guid(586fdfa0d8ade724bb069b1884af4c5a) Importer(815301076,1909f56bfc062723c751e8b465ee728b)
Start importing Assets/Images/20240830_184956.png using Guid(586fdfa0d8ade724bb069b1884af4c5a) Importer(815301076,1909f56bfc062723c751e8b465ee728b)  -> (artifact id: 'ac4370e38f9b0e00eefcec5da97f3239') in 0.099193 seconds 
========================================================================
Received Import Request.
  Time since last request: 0.000041 seconds.
  path: Assets/Images/20240830_184611.png
  artifactKey: Guid(3e1a039dd4a7a5943bad282f49a6e7cf) Importer(815301076,1909f56bfc062723c751e8b465ee728b)
Start importing Assets/Images/20240830_184611.png using Guid(3e1a039dd4a7a5943bad282f49a6e7cf) Importer(815301076,1909f56bfc062723c751e8b465ee728b)  -> (artifact id: 'eca82a8abcd4bc5a2a78de08db00c13d') in 0.070966 seconds 
========================================================================
Received Import Request.
  Time since last request: 0.000060 seconds.
  path: Assets/Images/LOGO2.png
  artifactKey: Guid(e3a3b981d7869fc49aad611f10e47389) Importer(815301076,1909f56bfc062723c751e8b465ee728b)
Start importing Assets/Images/LOGO2.png using Guid(e3a3b981d7869fc49aad611f10e47389) Importer(815301076,1909f56bfc062723c751e8b465ee728b)  -> (artifact id: 'cc8e3ba87e9cb7c1c237d76393c3fa10') in 0.060126 seconds 
========================================================================
Received Import Request.
  Time since last request: 0.000029 seconds.
  path: Assets/Images/downloadfile-18.jpg
  artifactKey: Guid(587706e3a4f5ed3479821cc8b3f6b28d) Importer(815301076,1909f56bfc062723c751e8b465ee728b)
Start importing Assets/Images/downloadfile-18.jpg using Guid(587706e3a4f5ed3479821cc8b3f6b28d) Importer(815301076,1909f56bfc062723c751e8b465ee728b)  -> (artifact id: '7c61b94e6224424ab3078ef47720607d') in 0.442852 seconds 
========================================================================
Received Import Request.
  Time since last request: 0.000033 seconds.
  path: Assets/Images/20240830_184846.png
  artifactKey: Guid(70f950d02c6b0724db9eb6a2ba7a65e6) Importer(815301076,1909f56bfc062723c751e8b465ee728b)
Start importing Assets/Images/20240830_184846.png using Guid(70f950d02c6b0724db9eb6a2ba7a65e6) Importer(815301076,1909f56bfc062723c751e8b465ee728b)  -> (artifact id: '023871679de25142fd7150d70f04ab72') in 0.064317 seconds 
========================================================================
Received Import Request.
  Time since last request: 0.000165 seconds.
  path: Assets/Images/20240830_185016.png
  artifactKey: Guid(e3c231dc6be126f428a85e2e05cd974b) Importer(815301076,1909f56bfc062723c751e8b465ee728b)
Start importing Assets/Images/20240830_185016.png using Guid(e3c231dc6be126f428a85e2e05cd974b) Importer(815301076,1909f56bfc062723c751e8b465ee728b)  -> (artifact id: 'f1e40c59d95025ac36a510410f06887d') in 0.060512 seconds 
Editor requested this worker to shutdown with reason: Scaling down because of idle timeout
AssetImportWorker is now disconnected from the server
Process exiting
Exiting without the bug reporter. Application will terminate with return code 0